<?xml version="1.0" encoding="UTF-8"?>
<!-- Generated by org.testng.reporters.JUnitReportReporter -->
<testsuite hostname="IN-FRJK1N3" failures="0" tests="1" name="frameworkAPITest.frameworkAPITestCases.GetCurrentPrice" time="1.945" errors="0" timestamp="2024-11-14T17:55:11 IST" skipped="0">
  <testcase classname="frameworkAPITest.frameworkAPITestCases.GetCurrentPrice" name="testGetCurrentPrice" time="1.945"/>
</testsuite> <!-- frameworkAPITest.frameworkAPITestCases.GetCurrentPrice -->
